{
"contracts/Raffle.sol":{"l":{"62":3,"63":3,"64":3,"65":3,"66":3,"67":3,"68":3,"69":3,"74":15,"75":1,"77":14,"78":1,"80":13,"82":13,"105":10,"106":10,"107":10,"108":10,"109":10,"115":6,"116":6,"117":1,"123":5,"124":5,"131":5,"139":1,"140":1,"141":1,"142":1,"143":1,"144":1,"145":1,"147":1,"148":0,"150":1,"156":14,"160":1,"164":1,"168":4,"173":0,"177":1,"181":2,"185":0,"189":15},"path":"/home/valodax/Javascript-Web3/hardhat-smartcontract-lottery/contracts/Raffle.sol","s":{"1":3,"2":3,"3":3,"4":3,"5":3,"6":3,"7":3,"8":3,"9":15,"10":14,"11":13,"12":13,"13":10,"14":10,"15":10,"16":10,"17":10,"18":6,"19":6,"20":5,"21":5,"22":5,"23":1,"24":1,"25":1,"26":1,"27":1,"28":1,"29":1,"30":1,"31":1,"32":14,"33":1,"34":1,"35":4,"36":0,"37":1,"38":2,"39":0,"40":15},"b":{"1":[1,14],"2":[1,13],"3":[1,5],"4":[0,1]},"f":{"1":3,"2":15,"3":10,"4":6,"5":1,"6":14,"7":1,"8":1,"9":4,"10":0,"11":1,"12":2,"13":0,"14":15},"fnMap":{"1":{"name":"constructor","line":61,"loc":{"start":{"line":54,"column":4},"end":{"line":70,"column":4}}},"2":{"name":"enterRaffle","line":72,"loc":{"start":{"line":72,"column":4},"end":{"line":83,"column":4}}},"3":{"name":"checkUpkeep","line":95,"loc":{"start":{"line":95,"column":4},"end":{"line":110,"column":4}}},"4":{"name":"performUpkeep","line":112,"loc":{"start":{"line":112,"column":4},"end":{"line":132,"column":4}}},"5":{"name":"fulfillRandomWords","line":134,"loc":{"start":{"line":134,"column":4},"end":{"line":151,"column":4}}},"6":{"name":"getEntranceFee","line":155,"loc":{"start":{"line":155,"column":4},"end":{"line":157,"column":4}}},"7":{"name":"getPlayer","line":159,"loc":{"start":{"line":159,"column":4},"end":{"line":161,"column":4}}},"8":{"name":"getRecentWinner","line":163,"loc":{"start":{"line":163,"column":4},"end":{"line":165,"column":4}}},"9":{"name":"getRaffleState","line":167,"loc":{"start":{"line":167,"column":4},"end":{"line":169,"column":4}}},"10":{"name":"getNumWords","line":172,"loc":{"start":{"line":172,"column":4},"end":{"line":174,"column":4}}},"11":{"name":"getNumberOfPlayers","line":176,"loc":{"start":{"line":176,"column":4},"end":{"line":178,"column":4}}},"12":{"name":"getLatestTimeStamp","line":180,"loc":{"start":{"line":180,"column":4},"end":{"line":182,"column":4}}},"13":{"name":"getRequestConfirmations","line":184,"loc":{"start":{"line":184,"column":4},"end":{"line":186,"column":4}}},"14":{"name":"getInterval","line":188,"loc":{"start":{"line":188,"column":4},"end":{"line":190,"column":4}}}},"statementMap":{"1":{"start":{"line":62,"column":8},"end":{"line":62,"column":34}},"2":{"start":{"line":63,"column":8},"end":{"line":63,"column":69}},"3":{"start":{"line":64,"column":8},"end":{"line":64,"column":26}},"4":{"start":{"line":65,"column":8},"end":{"line":65,"column":40}},"5":{"start":{"line":66,"column":8},"end":{"line":66,"column":44}},"6":{"start":{"line":67,"column":8},"end":{"line":67,"column":39}},"7":{"start":{"line":68,"column":8},"end":{"line":68,"column":40}},"8":{"start":{"line":69,"column":8},"end":{"line":69,"column":28}},"9":{"start":{"line":74,"column":8},"end":{"line":74,"column":2613}},"10":{"start":{"line":77,"column":8},"end":{"line":77,"column":2714}},"11":{"start":{"line":80,"column":8},"end":{"line":80,"column":42}},"12":{"start":{"line":82,"column":8},"end":{"line":82,"column":36}},"13":{"start":{"line":105,"column":8},"end":{"line":105,"column":57}},"14":{"start":{"line":106,"column":8},"end":{"line":106,"column":76}},"15":{"start":{"line":107,"column":8},"end":{"line":107,"column":48}},"16":{"start":{"line":108,"column":8},"end":{"line":108,"column":51}},"17":{"start":{"line":109,"column":8},"end":{"line":109,"column":72}},"18":{"start":{"line":115,"column":8},"end":{"line":115,"column":47}},"19":{"start":{"line":116,"column":8},"end":{"line":116,"column":4055}},"20":{"start":{"line":123,"column":8},"end":{"line":123,"column":46}},"21":{"start":{"line":124,"column":8},"end":{"line":124,"column":4315}},"22":{"start":{"line":131,"column":8},"end":{"line":131,"column":45}},"23":{"start":{"line":139,"column":8},"end":{"line":139,"column":65}},"24":{"start":{"line":140,"column":8},"end":{"line":140,"column":63}},"25":{"start":{"line":141,"column":8},"end":{"line":141,"column":36}},"26":{"start":{"line":142,"column":8},"end":{"line":142,"column":39}},"27":{"start":{"line":143,"column":8},"end":{"line":143,"column":43}},"28":{"start":{"line":144,"column":8},"end":{"line":144,"column":40}},"29":{"start":{"line":145,"column":8},"end":{"line":145,"column":78}},"30":{"start":{"line":147,"column":8},"end":{"line":147,"column":5142}},"31":{"start":{"line":150,"column":8},"end":{"line":150,"column":39}},"32":{"start":{"line":156,"column":8},"end":{"line":156,"column":28}},"33":{"start":{"line":160,"column":8},"end":{"line":160,"column":31}},"34":{"start":{"line":164,"column":8},"end":{"line":164,"column":29}},"35":{"start":{"line":168,"column":8},"end":{"line":168,"column":28}},"36":{"start":{"line":173,"column":8},"end":{"line":173,"column":24}},"37":{"start":{"line":177,"column":8},"end":{"line":177,"column":31}},"38":{"start":{"line":181,"column":8},"end":{"line":181,"column":30}},"39":{"start":{"line":185,"column":8},"end":{"line":185,"column":36}},"40":{"start":{"line":189,"column":8},"end":{"line":189,"column":25}}},"branchMap":{"1":{"line":74,"type":"if","locations":[{"start":{"line":74,"column":8},"end":{"line":74,"column":8}},{"start":{"line":74,"column":8},"end":{"line":74,"column":8}}]},"2":{"line":77,"type":"if","locations":[{"start":{"line":77,"column":8},"end":{"line":77,"column":8}},{"start":{"line":77,"column":8},"end":{"line":77,"column":8}}]},"3":{"line":116,"type":"if","locations":[{"start":{"line":116,"column":8},"end":{"line":116,"column":8}},{"start":{"line":116,"column":8},"end":{"line":116,"column":8}}]},"4":{"line":147,"type":"if","locations":[{"start":{"line":147,"column":8},"end":{"line":147,"column":8}},{"start":{"line":147,"column":8},"end":{"line":147,"column":8}}]}}},
"contracts/test/VRFCoordinatorV2.sol":{"l":{},"path":"/home/valodax/Javascript-Web3/hardhat-smartcontract-lottery/contracts/test/VRFCoordinatorV2.sol","s":{},"b":{},"f":{},"fnMap":{},"statementMap":{},"branchMap":{}}}
