TN:
SF:/home/valodax/Javascript-Web3/hardhat-smartcontract-lottery/contracts/Raffle.sol
FN:61,constructor
FN:72,enterRaffle
FN:95,checkUpkeep
FN:112,performUpkeep
FN:134,fulfillRandomWords
FN:155,getEntranceFee
FN:159,getPlayer
FN:163,getRecentWinner
FN:167,getRaffleState
FN:172,getNumWords
FN:176,getNumberOfPlayers
FN:180,getLatestTimeStamp
FN:184,getRequestConfirmations
FN:188,getInterval
FNF:14
FNH:12
FNDA:3,constructor
FNDA:15,enterRaffle
FNDA:10,checkUpkeep
FNDA:6,performUpkeep
FNDA:1,fulfillRandomWords
FNDA:14,getEntranceFee
FNDA:1,getPlayer
FNDA:1,getRecentWinner
FNDA:4,getRaffleState
FNDA:0,getNumWords
FNDA:1,getNumberOfPlayers
FNDA:2,getLatestTimeStamp
FNDA:0,getRequestConfirmations
FNDA:15,getInterval
DA:62,3
DA:63,3
DA:64,3
DA:65,3
DA:66,3
DA:67,3
DA:68,3
DA:69,3
DA:74,15
DA:75,1
DA:77,14
DA:78,1
DA:80,13
DA:82,13
DA:105,10
DA:106,10
DA:107,10
DA:108,10
DA:109,10
DA:115,6
DA:116,6
DA:117,1
DA:123,5
DA:124,5
DA:131,5
DA:139,1
DA:140,1
DA:141,1
DA:142,1
DA:143,1
DA:144,1
DA:145,1
DA:147,1
DA:148,0
DA:150,1
DA:156,14
DA:160,1
DA:164,1
DA:168,4
DA:173,0
DA:177,1
DA:181,2
DA:185,0
DA:189,15
LF:44
LH:41
BRDA:74,1,0,1
BRDA:74,1,1,14
BRDA:77,2,0,1
BRDA:77,2,1,13
BRDA:116,3,0,1
BRDA:116,3,1,5
BRDA:147,4,0,0
BRDA:147,4,1,1
BRF:8
BRH:7
end_of_record
TN:
SF:/home/valodax/Javascript-Web3/hardhat-smartcontract-lottery/contracts/test/VRFCoordinatorV2.sol
FNF:0
FNH:0
LF:0
LH:0
BRF:0
BRH:0
end_of_record
