TN:
SF:/home/valodax/Javascript-Web3/hardhat-smartcontract-lottery/contracts/Raffle.sol
FN:61,constructor
FN:72,enterRaffle
FN:95,checkUpkeep
FN:112,performUpkeep
FN:134,fulfillRandomWords
FN:155,getEntranceFee
FN:159,getPlayer
FN:163,getRecentWinner
FN:167,getRaffleState
FN:172,getNumWords
FN:176,getNumberOfPlayers
FN:180,getLatestTimeStamp
FN:184,getRequestConfirmations
FN:188,getInterval
FNF:14
FNH:8
FNDA:3,constructor
FNDA:10,enterRaffle
FNDA:9,checkUpkeep
FNDA:5,performUpkeep
FNDA:0,fulfillRandomWords
FNDA:12,getEntranceFee
FNDA:1,getPlayer
FNDA:0,getRecentWinner
FNDA:3,getRaffleState
FNDA:0,getNumWords
FNDA:0,getNumberOfPlayers
FNDA:0,getLatestTimeStamp
FNDA:0,getRequestConfirmations
FNDA:13,getInterval
DA:62,3
DA:63,3
DA:64,3
DA:65,3
DA:66,3
DA:67,3
DA:68,3
DA:69,3
DA:74,10
DA:75,1
DA:77,9
DA:78,1
DA:80,8
DA:82,8
DA:105,9
DA:106,9
DA:107,9
DA:108,9
DA:109,9
DA:115,5
DA:116,5
DA:117,1
DA:123,4
DA:124,4
DA:131,4
DA:139,0
DA:140,0
DA:141,0
DA:142,0
DA:143,0
DA:144,0
DA:145,0
DA:147,0
DA:148,0
DA:150,0
DA:156,12
DA:160,1
DA:164,0
DA:168,3
DA:173,0
DA:177,0
DA:181,0
DA:185,0
DA:189,13
LF:44
LH:29
BRDA:74,1,0,1
BRDA:74,1,1,9
BRDA:77,2,0,1
BRDA:77,2,1,8
BRDA:116,3,0,1
BRDA:116,3,1,4
BRDA:147,4,0,0
BRDA:147,4,1,0
BRF:8
BRH:6
end_of_record
TN:
SF:/home/valodax/Javascript-Web3/hardhat-smartcontract-lottery/contracts/test/VRFCoordinatorV2.sol
FNF:0
FNH:0
LF:0
LH:0
BRF:0
BRH:0
end_of_record
