{
"contracts/NftMarketplace.sol":{"l":{"58":9,"59":9,"60":1,"62":8,"70":11,"71":11,"72":11,"73":2,"75":9,"79":6,"80":6,"81":2,"83":4,"107":8,"108":0,"112":8,"113":8,"114":1,"116":7,"117":7,"126":3,"127":3,"128":1,"130":2,"131":2,"132":2,"134":2,"142":0,"143":0,"151":0,"152":0,"156":2,"157":2,"158":1,"160":1,"161":1,"162":1,"163":0,"173":0,"177":2},"path":"/home/valodax/Javascript-Web3/nft-marketplace/contracts/NftMarketplace.sol","s":{"1":9,"2":9,"3":11,"4":11,"5":11,"6":6,"7":6,"8":8,"9":8,"10":8,"11":7,"12":7,"13":3,"14":3,"15":2,"16":2,"17":2,"18":0,"19":0,"20":0,"21":2,"22":2,"23":1,"24":1,"25":1,"26":0,"27":2},"b":{"1":[1,8],"2":[2,9],"3":[2,4],"4":[0,8],"5":[1,7],"6":[1,2],"7":[1,1],"8":[0,1]},"f":{"1":9,"2":11,"3":6,"4":8,"5":3,"6":0,"7":0,"8":2,"9":0,"10":2},"fnMap":{"1":{"name":"notListed","line":53,"loc":{"start":{"line":53,"column":4},"end":{"line":63,"column":4}}},"2":{"name":"isOwner","line":65,"loc":{"start":{"line":65,"column":4},"end":{"line":76,"column":4}}},"3":{"name":"isListed","line":78,"loc":{"start":{"line":78,"column":4},"end":{"line":84,"column":4}}},"4":{"name":"listItem","line":105,"loc":{"start":{"line":98,"column":4},"end":{"line":118,"column":4}}},"5":{"name":"buyItem","line":124,"loc":{"start":{"line":120,"column":4},"end":{"line":135,"column":4}}},"6":{"name":"cancelListing","line":140,"loc":{"start":{"line":137,"column":4},"end":{"line":144,"column":4}}},"7":{"name":"updateListing","line":150,"loc":{"start":{"line":146,"column":4},"end":{"line":153,"column":4}}},"8":{"name":"withdrawProceeds","line":155,"loc":{"start":{"line":155,"column":4},"end":{"line":165,"column":4}}},"9":{"name":"getListing","line":168,"loc":{"start":{"line":168,"column":4},"end":{"line":174,"column":4}}},"10":{"name":"getProceeds","line":176,"loc":{"start":{"line":176,"column":4},"end":{"line":178,"column":4}}}},"statementMap":{"1":{"start":{"line":58,"column":8},"end":{"line":58,"column":64}},"2":{"start":{"line":59,"column":8},"end":{"line":59,"column":1839}},"3":{"start":{"line":70,"column":8},"end":{"line":70,"column":41}},"4":{"start":{"line":71,"column":8},"end":{"line":71,"column":44}},"5":{"start":{"line":72,"column":8},"end":{"line":72,"column":2246}},"6":{"start":{"line":79,"column":8},"end":{"line":79,"column":64}},"7":{"start":{"line":80,"column":8},"end":{"line":80,"column":2480}},"8":{"start":{"line":107,"column":8},"end":{"line":107,"column":3286}},"9":{"start":{"line":112,"column":8},"end":{"line":112,"column":41}},"10":{"start":{"line":113,"column":8},"end":{"line":113,"column":3643}},"11":{"start":{"line":116,"column":8},"end":{"line":116,"column":67}},"12":{"start":{"line":117,"column":8},"end":{"line":117,"column":63}},"13":{"start":{"line":126,"column":8},"end":{"line":126,"column":67}},"14":{"start":{"line":127,"column":8},"end":{"line":127,"column":4141}},"15":{"start":{"line":130,"column":8},"end":{"line":130,"column":80}},"16":{"start":{"line":132,"column":8},"end":{"line":132,"column":83}},"17":{"start":{"line":134,"column":8},"end":{"line":134,"column":74}},"18":{"start":{"line":143,"column":8},"end":{"line":143,"column":58}},"19":{"start":{"line":151,"column":8},"end":{"line":151,"column":55}},"20":{"start":{"line":152,"column":8},"end":{"line":152,"column":66}},"21":{"start":{"line":156,"column":8},"end":{"line":156,"column":49}},"22":{"start":{"line":157,"column":8},"end":{"line":157,"column":5349}},"23":{"start":{"line":160,"column":8},"end":{"line":160,"column":33}},"24":{"start":{"line":161,"column":8},"end":{"line":161,"column":72}},"25":{"start":{"line":162,"column":8},"end":{"line":162,"column":5547}},"26":{"start":{"line":173,"column":8},"end":{"line":173,"column":46}},"27":{"start":{"line":177,"column":8},"end":{"line":177,"column":33}}},"branchMap":{"1":{"line":59,"type":"if","locations":[{"start":{"line":59,"column":8},"end":{"line":59,"column":8}},{"start":{"line":59,"column":8},"end":{"line":59,"column":8}}]},"2":{"line":72,"type":"if","locations":[{"start":{"line":72,"column":8},"end":{"line":72,"column":8}},{"start":{"line":72,"column":8},"end":{"line":72,"column":8}}]},"3":{"line":80,"type":"if","locations":[{"start":{"line":80,"column":8},"end":{"line":80,"column":8}},{"start":{"line":80,"column":8},"end":{"line":80,"column":8}}]},"4":{"line":107,"type":"if","locations":[{"start":{"line":107,"column":8},"end":{"line":107,"column":8}},{"start":{"line":107,"column":8},"end":{"line":107,"column":8}}]},"5":{"line":113,"type":"if","locations":[{"start":{"line":113,"column":8},"end":{"line":113,"column":8}},{"start":{"line":113,"column":8},"end":{"line":113,"column":8}}]},"6":{"line":127,"type":"if","locations":[{"start":{"line":127,"column":8},"end":{"line":127,"column":8}},{"start":{"line":127,"column":8},"end":{"line":127,"column":8}}]},"7":{"line":157,"type":"if","locations":[{"start":{"line":157,"column":8},"end":{"line":157,"column":8}},{"start":{"line":157,"column":8},"end":{"line":157,"column":8}}]},"8":{"line":162,"type":"if","locations":[{"start":{"line":162,"column":8},"end":{"line":162,"column":8}},{"start":{"line":162,"column":8},"end":{"line":162,"column":8}}]}}},
"contracts/test/BasicNft.sol":{"l":{"14":3,"18":12,"19":12,"20":12,"24":1,"25":1,"29":1},"path":"/home/valodax/Javascript-Web3/nft-marketplace/contracts/test/BasicNft.sol","s":{"1":3,"2":12,"3":12,"4":12,"5":1,"6":1,"7":1},"b":{"1":[1,0]},"f":{"1":3,"2":12,"3":1,"4":1},"fnMap":{"1":{"name":"constructor","line":13,"loc":{"start":{"line":13,"column":4},"end":{"line":15,"column":4}}},"2":{"name":"mintNft","line":17,"loc":{"start":{"line":17,"column":4},"end":{"line":21,"column":4}}},"3":{"name":"tokenURI","line":23,"loc":{"start":{"line":23,"column":4},"end":{"line":26,"column":4}}},"4":{"name":"getTokenCounter","line":28,"loc":{"start":{"line":28,"column":4},"end":{"line":30,"column":4}}}},"statementMap":{"1":{"start":{"line":14,"column":8},"end":{"line":14,"column":25}},"2":{"start":{"line":18,"column":8},"end":{"line":18,"column":44}},"3":{"start":{"line":19,"column":8},"end":{"line":19,"column":38}},"4":{"start":{"line":20,"column":8},"end":{"line":20,"column":42}},"5":{"start":{"line":24,"column":8},"end":{"line":24,"column":83}},"6":{"start":{"line":25,"column":8},"end":{"line":25,"column":24}},"7":{"start":{"line":29,"column":8},"end":{"line":29,"column":29}}},"branchMap":{"1":{"line":24,"type":"if","locations":[{"start":{"line":24,"column":8},"end":{"line":24,"column":8}},{"start":{"line":24,"column":8},"end":{"line":24,"column":8}}]}}}}
