{
"contracts/NftMarketplace.sol":{"l":{"58":1,"59":1,"60":0,"62":1,"70":1,"71":1,"72":1,"73":0,"75":1,"79":1,"80":1,"81":0,"83":1,"107":1,"108":0,"112":1,"113":1,"114":0,"116":1,"117":1,"126":1,"127":1,"128":0,"130":1,"131":1,"132":1,"134":1,"142":0,"143":0,"151":0,"152":0,"156":0,"157":0,"158":0,"160":0,"161":0,"162":0,"163":0,"173":0,"177":1},"path":"/home/valodax/Javascript-Web3/nft-marketplace/contracts/NftMarketplace.sol","s":{"1":1,"2":1,"3":1,"4":1,"5":1,"6":1,"7":1,"8":1,"9":1,"10":1,"11":1,"12":1,"13":1,"14":1,"15":1,"16":1,"17":1,"18":0,"19":0,"20":0,"21":0,"22":0,"23":0,"24":0,"25":0,"26":0,"27":1},"b":{"1":[0,1],"2":[0,1],"3":[0,1],"4":[0,1],"5":[0,1],"6":[0,1],"7":[0,0],"8":[0,0]},"f":{"1":1,"2":1,"3":1,"4":1,"5":1,"6":0,"7":0,"8":0,"9":0,"10":1},"fnMap":{"1":{"name":"notListed","line":53,"loc":{"start":{"line":53,"column":4},"end":{"line":63,"column":4}}},"2":{"name":"isOwner","line":65,"loc":{"start":{"line":65,"column":4},"end":{"line":76,"column":4}}},"3":{"name":"isListed","line":78,"loc":{"start":{"line":78,"column":4},"end":{"line":84,"column":4}}},"4":{"name":"listItem","line":105,"loc":{"start":{"line":98,"column":4},"end":{"line":118,"column":4}}},"5":{"name":"buyItem","line":124,"loc":{"start":{"line":120,"column":4},"end":{"line":135,"column":4}}},"6":{"name":"cancelListing","line":140,"loc":{"start":{"line":137,"column":4},"end":{"line":144,"column":4}}},"7":{"name":"updateLising","line":150,"loc":{"start":{"line":146,"column":4},"end":{"line":153,"column":4}}},"8":{"name":"withdrawProceeds","line":155,"loc":{"start":{"line":155,"column":4},"end":{"line":165,"column":4}}},"9":{"name":"getListing","line":168,"loc":{"start":{"line":168,"column":4},"end":{"line":174,"column":4}}},"10":{"name":"getProceeds","line":176,"loc":{"start":{"line":176,"column":4},"end":{"line":178,"column":4}}}},"statementMap":{"1":{"start":{"line":58,"column":8},"end":{"line":58,"column":64}},"2":{"start":{"line":59,"column":8},"end":{"line":59,"column":1839}},"3":{"start":{"line":70,"column":8},"end":{"line":70,"column":41}},"4":{"start":{"line":71,"column":8},"end":{"line":71,"column":44}},"5":{"start":{"line":72,"column":8},"end":{"line":72,"column":2246}},"6":{"start":{"line":79,"column":8},"end":{"line":79,"column":64}},"7":{"start":{"line":80,"column":8},"end":{"line":80,"column":2480}},"8":{"start":{"line":107,"column":8},"end":{"line":107,"column":3286}},"9":{"start":{"line":112,"column":8},"end":{"line":112,"column":41}},"10":{"start":{"line":113,"column":8},"end":{"line":113,"column":3643}},"11":{"start":{"line":116,"column":8},"end":{"line":116,"column":67}},"12":{"start":{"line":117,"column":8},"end":{"line":117,"column":63}},"13":{"start":{"line":126,"column":8},"end":{"line":126,"column":67}},"14":{"start":{"line":127,"column":8},"end":{"line":127,"column":4141}},"15":{"start":{"line":130,"column":8},"end":{"line":130,"column":80}},"16":{"start":{"line":132,"column":8},"end":{"line":132,"column":83}},"17":{"start":{"line":134,"column":8},"end":{"line":134,"column":74}},"18":{"start":{"line":143,"column":8},"end":{"line":143,"column":58}},"19":{"start":{"line":151,"column":8},"end":{"line":151,"column":55}},"20":{"start":{"line":152,"column":8},"end":{"line":152,"column":66}},"21":{"start":{"line":156,"column":8},"end":{"line":156,"column":49}},"22":{"start":{"line":157,"column":8},"end":{"line":157,"column":5348}},"23":{"start":{"line":160,"column":8},"end":{"line":160,"column":33}},"24":{"start":{"line":161,"column":8},"end":{"line":161,"column":72}},"25":{"start":{"line":162,"column":8},"end":{"line":162,"column":5546}},"26":{"start":{"line":173,"column":8},"end":{"line":173,"column":46}},"27":{"start":{"line":177,"column":8},"end":{"line":177,"column":33}}},"branchMap":{"1":{"line":59,"type":"if","locations":[{"start":{"line":59,"column":8},"end":{"line":59,"column":8}},{"start":{"line":59,"column":8},"end":{"line":59,"column":8}}]},"2":{"line":72,"type":"if","locations":[{"start":{"line":72,"column":8},"end":{"line":72,"column":8}},{"start":{"line":72,"column":8},"end":{"line":72,"column":8}}]},"3":{"line":80,"type":"if","locations":[{"start":{"line":80,"column":8},"end":{"line":80,"column":8}},{"start":{"line":80,"column":8},"end":{"line":80,"column":8}}]},"4":{"line":107,"type":"if","locations":[{"start":{"line":107,"column":8},"end":{"line":107,"column":8}},{"start":{"line":107,"column":8},"end":{"line":107,"column":8}}]},"5":{"line":113,"type":"if","locations":[{"start":{"line":113,"column":8},"end":{"line":113,"column":8}},{"start":{"line":113,"column":8},"end":{"line":113,"column":8}}]},"6":{"line":127,"type":"if","locations":[{"start":{"line":127,"column":8},"end":{"line":127,"column":8}},{"start":{"line":127,"column":8},"end":{"line":127,"column":8}}]},"7":{"line":157,"type":"if","locations":[{"start":{"line":157,"column":8},"end":{"line":157,"column":8}},{"start":{"line":157,"column":8},"end":{"line":157,"column":8}}]},"8":{"line":162,"type":"if","locations":[{"start":{"line":162,"column":8},"end":{"line":162,"column":8}},{"start":{"line":162,"column":8},"end":{"line":162,"column":8}}]}}},
"contracts/test/BasicNft.sol":{"l":{"14":3,"18":1,"19":1,"20":1,"24":0,"25":0,"29":0},"path":"/home/valodax/Javascript-Web3/nft-marketplace/contracts/test/BasicNft.sol","s":{"1":3,"2":1,"3":1,"4":1,"5":0,"6":0,"7":0},"b":{"1":[0,0]},"f":{"1":3,"2":1,"3":0,"4":0},"fnMap":{"1":{"name":"constructor","line":13,"loc":{"start":{"line":13,"column":4},"end":{"line":15,"column":4}}},"2":{"name":"mintNft","line":17,"loc":{"start":{"line":17,"column":4},"end":{"line":21,"column":4}}},"3":{"name":"tokenURI","line":23,"loc":{"start":{"line":23,"column":4},"end":{"line":26,"column":4}}},"4":{"name":"getTokenCounter","line":28,"loc":{"start":{"line":28,"column":4},"end":{"line":30,"column":4}}}},"statementMap":{"1":{"start":{"line":14,"column":8},"end":{"line":14,"column":25}},"2":{"start":{"line":18,"column":8},"end":{"line":18,"column":44}},"3":{"start":{"line":19,"column":8},"end":{"line":19,"column":38}},"4":{"start":{"line":20,"column":8},"end":{"line":20,"column":42}},"5":{"start":{"line":24,"column":8},"end":{"line":24,"column":83}},"6":{"start":{"line":25,"column":8},"end":{"line":25,"column":24}},"7":{"start":{"line":29,"column":8},"end":{"line":29,"column":29}}},"branchMap":{"1":{"line":24,"type":"if","locations":[{"start":{"line":24,"column":8},"end":{"line":24,"column":8}},{"start":{"line":24,"column":8},"end":{"line":24,"column":8}}]}}}}
