TN:
SF:/home/valodax/Javascript-Web3/nft-marketplace/contracts/NftMarketplace.sol
FN:53,notListed
FN:65,isOwner
FN:78,isListed
FN:105,listItem
FN:124,buyItem
FN:140,cancelListing
FN:150,updateLising
FN:155,withdrawProceeds
FN:168,getListing
FN:176,getProceeds
FNF:10
FNH:6
FNDA:1,notListed
FNDA:1,isOwner
FNDA:1,isListed
FNDA:1,listItem
FNDA:1,buyItem
FNDA:0,cancelListing
FNDA:0,updateLising
FNDA:0,withdrawProceeds
FNDA:0,getListing
FNDA:1,getProceeds
DA:58,1
DA:59,1
DA:60,0
DA:62,1
DA:70,1
DA:71,1
DA:72,1
DA:73,0
DA:75,1
DA:79,1
DA:80,1
DA:81,0
DA:83,1
DA:107,1
DA:108,0
DA:112,1
DA:113,1
DA:114,0
DA:116,1
DA:117,1
DA:126,1
DA:127,1
DA:128,0
DA:130,1
DA:131,1
DA:132,1
DA:134,1
DA:142,0
DA:143,0
DA:151,0
DA:152,0
DA:156,0
DA:157,0
DA:158,0
DA:160,0
DA:161,0
DA:162,0
DA:163,0
DA:173,0
DA:177,1
LF:40
LH:22
BRDA:59,1,0,0
BRDA:59,1,1,1
BRDA:72,2,0,0
BRDA:72,2,1,1
BRDA:80,3,0,0
BRDA:80,3,1,1
BRDA:107,4,0,0
BRDA:107,4,1,1
BRDA:113,5,0,0
BRDA:113,5,1,1
BRDA:127,6,0,0
BRDA:127,6,1,1
BRDA:157,7,0,0
BRDA:157,7,1,0
BRDA:162,8,0,0
BRDA:162,8,1,0
BRF:16
BRH:6
end_of_record
TN:
SF:/home/valodax/Javascript-Web3/nft-marketplace/contracts/test/BasicNft.sol
FN:13,constructor
FN:17,mintNft
FN:23,tokenURI
FN:28,getTokenCounter
FNF:4
FNH:2
FNDA:3,constructor
FNDA:1,mintNft
FNDA:0,tokenURI
FNDA:0,getTokenCounter
DA:14,3
DA:18,1
DA:19,1
DA:20,1
DA:24,0
DA:25,0
DA:29,0
LF:7
LH:4
BRDA:24,1,0,0
BRDA:24,1,1,0
BRF:2
BRH:0
end_of_record
