TN:
SF:/home/valodax/Javascript-Web3/nft-marketplace/contracts/NftMarketplace.sol
FN:53,notListed
FN:65,isOwner
FN:78,isListed
FN:105,listItem
FN:124,buyItem
FN:140,cancelListing
FN:150,updateListing
FN:155,withdrawProceeds
FN:168,getListing
FN:176,getProceeds
FNF:10
FNH:7
FNDA:9,notListed
FNDA:11,isOwner
FNDA:6,isListed
FNDA:8,listItem
FNDA:3,buyItem
FNDA:0,cancelListing
FNDA:0,updateListing
FNDA:2,withdrawProceeds
FNDA:0,getListing
FNDA:2,getProceeds
DA:58,9
DA:59,9
DA:60,1
DA:62,8
DA:70,11
DA:71,11
DA:72,11
DA:73,2
DA:75,9
DA:79,6
DA:80,6
DA:81,2
DA:83,4
DA:107,8
DA:108,0
DA:112,8
DA:113,8
DA:114,1
DA:116,7
DA:117,7
DA:126,3
DA:127,3
DA:128,1
DA:130,2
DA:131,2
DA:132,2
DA:134,2
DA:142,0
DA:143,0
DA:151,0
DA:152,0
DA:156,2
DA:157,2
DA:158,1
DA:160,1
DA:161,1
DA:162,1
DA:163,0
DA:173,0
DA:177,2
LF:40
LH:33
BRDA:59,1,0,1
BRDA:59,1,1,8
BRDA:72,2,0,2
BRDA:72,2,1,9
BRDA:80,3,0,2
BRDA:80,3,1,4
BRDA:107,4,0,0
BRDA:107,4,1,8
BRDA:113,5,0,1
BRDA:113,5,1,7
BRDA:127,6,0,1
BRDA:127,6,1,2
BRDA:157,7,0,1
BRDA:157,7,1,1
BRDA:162,8,0,0
BRDA:162,8,1,1
BRF:16
BRH:14
end_of_record
TN:
SF:/home/valodax/Javascript-Web3/nft-marketplace/contracts/test/BasicNft.sol
FN:13,constructor
FN:17,mintNft
FN:23,tokenURI
FN:28,getTokenCounter
FNF:4
FNH:4
FNDA:3,constructor
FNDA:12,mintNft
FNDA:1,tokenURI
FNDA:1,getTokenCounter
DA:14,3
DA:18,12
DA:19,12
DA:20,12
DA:24,1
DA:25,1
DA:29,1
LF:7
LH:7
BRDA:24,1,0,1
BRDA:24,1,1,0
BRF:2
BRH:1
end_of_record
